<?xml version="1.0" encoding="UTF-8"?>
<testsuite name="me.tatarka.autodata.compiler.ParcelTest" tests="2" skipped="0" failures="0" errors="0" timestamp="2015-04-25T18:58:49" hostname="files" time="1.052">
  <properties/>
  <testcase name="empty" classname="me.tatarka.autodata.compiler.ParcelTest" time="0.958"/>
  <testcase name="field" classname="me.tatarka.autodata.compiler.ParcelTest" time="0.094"/>
  <system-out><![CDATA[]]></system-out>
  <system-err><![CDATA[]]></system-err>
</testsuite>
